c:\users\iqbal\desktop\auvsi2018\x64\debug\vc140.pdb
c:\users\iqbal\desktop\auvsi2018\x64\debug\serialconnection.obj
c:\users\iqbal\desktop\auvsi2018\x64\debug\saver.obj
c:\users\iqbal\desktop\auvsi2018\x64\debug\mapping.obj
c:\users\iqbal\desktop\auvsi2018\x64\debug\mainwindow.obj
c:\users\iqbal\desktop\auvsi2018\x64\debug\main.obj
c:\users\iqbal\desktop\auvsi2018\x64\debug\kontrolkapal.obj
c:\users\iqbal\desktop\auvsi2018\x64\debug\kliklabelmappping.obj
c:\users\iqbal\desktop\auvsi2018\x64\debug\imgproc.obj
c:\users\iqbal\desktop\auvsi2018\x64\debug\moc_serialconnection.obj
c:\users\iqbal\desktop\auvsi2018\x64\debug\moc_saver.obj
c:\users\iqbal\desktop\auvsi2018\x64\debug\moc_mapping.obj
c:\users\iqbal\desktop\auvsi2018\x64\debug\moc_mainwindow.obj
c:\users\iqbal\desktop\auvsi2018\x64\debug\moc_kontrolkapal.obj
c:\users\iqbal\desktop\auvsi2018\x64\debug\moc_kliklabelmappping.obj
c:\users\iqbal\desktop\auvsi2018\x64\debug\moc_imgproc.obj
c:\users\iqbal\desktop\auvsi2018\x64\debug\moc_droneconnection.obj
c:\users\iqbal\desktop\auvsi2018\x64\debug\moc_clickablelabel.obj
c:\users\iqbal\desktop\auvsi2018\x64\debug\droneconnection.obj
c:\users\iqbal\desktop\auvsi2018\x64\debug\clickablelabel.obj
d:\barunastra\auvsi\auvsi2018\x64\debug\vc140.pdb
d:\barunastra\auvsi\auvsi2018\x64\debug\serialconnection.obj
d:\barunastra\auvsi\auvsi2018\x64\debug\saver.obj
d:\barunastra\auvsi\auvsi2018\x64\debug\mainwindow.obj
d:\barunastra\auvsi\auvsi2018\x64\debug\main.obj
d:\barunastra\auvsi\auvsi2018\x64\debug\kontrolkapal.obj
d:\barunastra\auvsi\auvsi2018\x64\debug\kliklabelmappping.obj
d:\barunastra\auvsi\auvsi2018\x64\debug\imgproc.obj
d:\barunastra\auvsi\auvsi2018\x64\debug\clickablelabel.obj
d:\barunastra\auvsi\auvsi2018\x64\debug\mapping.obj
d:\barunastra\auvsi\auvsi2018\x64\debug\moc_serialconnection.obj
d:\barunastra\auvsi\auvsi2018\x64\debug\moc_saver.obj
d:\barunastra\auvsi\auvsi2018\x64\debug\moc_mainwindow.obj
d:\barunastra\auvsi\auvsi2018\x64\debug\moc_kontrolkapal.obj
d:\barunastra\auvsi\auvsi2018\x64\debug\moc_kliklabelmappping.obj
d:\barunastra\auvsi\auvsi2018\x64\debug\moc_imgproc.obj
d:\barunastra\auvsi\auvsi2018\x64\debug\moc_clickablelabel.obj
d:\barunastra\auvsi\auvsi2018\x64\debug\moc_mapping.obj
d:\barunastra\auvsi\auvsi2018\x64\debug\moc_droneconnection.obj
d:\barunastra\auvsi\auvsi2018\x64\debug\droneconnection.obj
c:\users\msi\downloads\auvsi2018\x64\debug\vc140.pdb
c:\users\msi\downloads\auvsi2018\x64\debug\saver.obj
c:\users\msi\downloads\auvsi2018\x64\debug\kliklabelmappping.obj
c:\users\msi\downloads\auvsi2018\x64\debug\moc_saver.obj
c:\users\msi\downloads\auvsi2018\x64\debug\moc_kliklabelmappping.obj
c:\users\msi\downloads\auvsi2018\x64\debug\moc_droneconnection.obj
c:\users\msi\downloads\auvsi2018\x64\debug\moc_clickablelabel.obj
c:\users\msi\downloads\auvsi2018\x64\debug\droneconnection.obj
c:\users\msi\downloads\auvsi2018\x64\debug\clickablelabel.obj
c:\users\iqbal\desktop\auvsi2018\generatedfiles\debug\moc_saver.cpp
c:\users\iqbal\desktop\auvsi2018\generatedfiles\debug\moc_kontrolkapal.cpp
c:\users\iqbal\desktop\auvsi2018\generatedfiles\debug\moc_imgproc.cpp
c:\users\iqbal\desktop\auvsi2018\generatedfiles\debug\moc_clickablelabel.cpp
c:\users\iqbal\desktop\auvsi2018\generatedfiles\ui_mainwindow.h
c:\users\iqbal\desktop\auvsi2018\generatedfiles\debug\moc_droneconnection.cpp
c:\users\iqbal\desktop\auvsi2018\generatedfiles\debug\moc_kliklabelmappping.cpp
c:\users\iqbal\desktop\auvsi2018\generatedfiles\debug\moc_mapping.cpp
c:\users\iqbal\desktop\auvsi2018\generatedfiles\debug\moc_serialconnection.cpp
c:\users\iqbal\desktop\auvsi2018\generatedfiles\debug\moc_mainwindow.cpp
d:\barunastra\auvsi\auvsi2018\generatedfiles\debug\moc_saver.cpp
d:\barunastra\auvsi\auvsi2018\generatedfiles\debug\moc_kontrolkapal.cpp
d:\barunastra\auvsi\auvsi2018\generatedfiles\debug\moc_imgproc.cpp
d:\barunastra\auvsi\auvsi2018\generatedfiles\debug\moc_clickablelabel.cpp
d:\barunastra\auvsi\auvsi2018\generatedfiles\ui_mainwindow.h
d:\barunastra\auvsi\auvsi2018\generatedfiles\debug\moc_droneconnection.cpp
d:\barunastra\auvsi\auvsi2018\generatedfiles\debug\moc_kliklabelmappping.cpp
d:\barunastra\auvsi\auvsi2018\generatedfiles\debug\moc_mapping.cpp
d:\barunastra\auvsi\auvsi2018\generatedfiles\debug\moc_serialconnection.cpp
d:\barunastra\auvsi\auvsi2018\generatedfiles\debug\moc_mainwindow.cpp
c:\users\msi\downloads\auvsi2018\generatedfiles\debug\moc_saver.cpp
c:\users\msi\downloads\auvsi2018\generatedfiles\debug\moc_kontrolkapal.cpp
c:\users\msi\downloads\auvsi2018\generatedfiles\debug\moc_imgproc.cpp
c:\users\msi\downloads\auvsi2018\generatedfiles\debug\moc_clickablelabel.cpp
c:\users\msi\downloads\auvsi2018\generatedfiles\ui_mainwindow.h
c:\users\msi\downloads\auvsi2018\generatedfiles\debug\moc_droneconnection.cpp
c:\users\msi\downloads\auvsi2018\generatedfiles\debug\moc_kliklabelmappping.cpp
c:\users\msi\downloads\auvsi2018\generatedfiles\debug\moc_mapping.cpp
c:\users\msi\downloads\auvsi2018\generatedfiles\debug\moc_serialconnection.cpp
c:\users\msi\downloads\auvsi2018\generatedfiles\debug\moc_mainwindow.cpp
c:\users\iqbal\desktop\auvsi2018\x64\debug\auvsi2018.ilk
c:\users\iqbal\desktop\auvsi2018\x64\debug\auvsi2018.exe
c:\users\iqbal\desktop\auvsi2018\x64\debug\auvsi2018.pdb
d:\barunastra\auvsi\auvsi2018\x64\debug\auvsi2018.ilk
d:\barunastra\auvsi\auvsi2018\x64\debug\auvsi2018.exe
d:\barunastra\auvsi\auvsi2018\x64\debug\auvsi2018.pdb
c:\users\iqbal\desktop\auvsi2018\x64\debug\auvsi2018.res
d:\barunastra\auvsi\auvsi2018\x64\debug\auvsi2018.res
c:\users\msi\downloads\auvsi2018\x64\debug\imgproc.obj
c:\users\msi\downloads\auvsi2018\x64\debug\kontrolkapal.obj
c:\users\msi\downloads\auvsi2018\x64\debug\main.obj
c:\users\msi\downloads\auvsi2018\x64\debug\mainwindow.obj
c:\users\msi\downloads\auvsi2018\x64\debug\mapping.obj
c:\users\msi\downloads\auvsi2018\x64\debug\moc_imgproc.obj
c:\users\msi\downloads\auvsi2018\x64\debug\moc_kontrolkapal.obj
c:\users\msi\downloads\auvsi2018\x64\debug\moc_mainwindow.obj
c:\users\msi\downloads\auvsi2018\x64\debug\moc_mapping.obj
c:\users\msi\downloads\auvsi2018\x64\debug\moc_serialconnection.obj
c:\users\msi\downloads\auvsi2018\x64\debug\serialconnection.obj
c:\users\msi\downloads\auvsi2018\x64\debug\auvsi2018.ilk
c:\users\msi\downloads\auvsi2018\x64\debug\auvsi2018.res
c:\users\msi\downloads\auvsi2018\x64\debug\auvsi2018.pdb
c:\users\msi\downloads\auvsi2018\x64\debug\auvsi2018.exe
c:\users\msi\downloads\auvsi2018\x64\debug\auvsi2018.tlog\cl.command.1.tlog
c:\users\msi\downloads\auvsi2018\x64\debug\auvsi2018.tlog\cl.read.1.tlog
c:\users\msi\downloads\auvsi2018\x64\debug\auvsi2018.tlog\cl.write.1.tlog
c:\users\msi\downloads\auvsi2018\x64\debug\auvsi2018.tlog\custombuild.command.1.tlog
c:\users\msi\downloads\auvsi2018\x64\debug\auvsi2018.tlog\custombuild.read.1.tlog
c:\users\msi\downloads\auvsi2018\x64\debug\auvsi2018.tlog\custombuild.write.1.tlog
c:\users\msi\downloads\auvsi2018\x64\debug\auvsi2018.tlog\link.command.1.tlog
c:\users\msi\downloads\auvsi2018\x64\debug\auvsi2018.tlog\link.read.1.tlog
c:\users\msi\downloads\auvsi2018\x64\debug\auvsi2018.tlog\link.write.1.tlog
c:\users\msi\downloads\auvsi2018\x64\debug\auvsi2018.tlog\rc.command.1.tlog
c:\users\msi\downloads\auvsi2018\x64\debug\auvsi2018.tlog\rc.read.1.tlog
c:\users\msi\downloads\auvsi2018\x64\debug\auvsi2018.tlog\rc.write.1.tlog
