c:\programming\auvsi2018\auvsi2018\x64\release\saver.obj
c:\programming\auvsi2018\auvsi2018\x64\release\main.obj
c:\programming\auvsi2018\auvsi2018\x64\release\kontrolkapal.obj
c:\programming\auvsi2018\auvsi2018\x64\release\imgproc.obj
c:\programming\auvsi2018\auvsi2018\x64\release\moc_saver.obj
c:\programming\auvsi2018\auvsi2018\x64\release\moc_mainwindow.obj
c:\programming\auvsi2018\auvsi2018\x64\release\moc_kontrolkapal.obj
c:\programming\auvsi2018\auvsi2018\x64\release\moc_imgproc.obj
c:\programming\auvsi2018\auvsi2018\x64\release\moc_clickablelabel.obj
c:\programming\auvsi2018\auvsi2018\x64\release\clickablelabel.obj
c:\programming\auvsi2018\auvsi2018\x64\release\srialcnnection.obj
c:\programming\auvsi2018\auvsi2018\x64\release\mainwindow.obj
c:\programming\auvsi2018\auvsi2018\x64\release\serialconnection.obj
c:\programming\auvsi2018\auvsi2018\generatedfiles\release\moc_saver.cpp
c:\programming\auvsi2018\auvsi2018\generatedfiles\release\moc_kontrolkapal.cpp
c:\programming\auvsi2018\auvsi2018\generatedfiles\release\moc_imgproc.cpp
c:\programming\auvsi2018\auvsi2018\generatedfiles\release\moc_clickablelabel.cpp
c:\programming\auvsi2018\auvsi2018\generatedfiles\release\moc_mainwindow.cpp
c:\programming\auvsi2018\auvsi2018\generatedfiles\ui_mainwindow.h
c:\programming\auvsi2018\auvsi2018\x64\release\auvsi2018.res
c:\programming\auvsi2018\auvsi2018\x64\release\auvsi2018.tlog\cl.command.1.tlog
c:\programming\auvsi2018\auvsi2018\x64\release\auvsi2018.tlog\cl.read.1.tlog
c:\programming\auvsi2018\auvsi2018\x64\release\auvsi2018.tlog\cl.write.1.tlog
c:\programming\auvsi2018\auvsi2018\x64\release\auvsi2018.tlog\custombuild.command.1.tlog
c:\programming\auvsi2018\auvsi2018\x64\release\auvsi2018.tlog\custombuild.read.1.tlog
c:\programming\auvsi2018\auvsi2018\x64\release\auvsi2018.tlog\custombuild.write.1.tlog
c:\programming\auvsi2018\auvsi2018\x64\release\auvsi2018.tlog\link-cvtres.read.1.tlog
c:\programming\auvsi2018\auvsi2018\x64\release\auvsi2018.tlog\link-cvtres.write.1.tlog
c:\programming\auvsi2018\auvsi2018\x64\release\auvsi2018.tlog\link-rc.read.1.tlog
c:\programming\auvsi2018\auvsi2018\x64\release\auvsi2018.tlog\link-rc.write.1.tlog
c:\programming\auvsi2018\auvsi2018\x64\release\auvsi2018.tlog\link.command.1.tlog
c:\programming\auvsi2018\auvsi2018\x64\release\auvsi2018.tlog\link.read.1.tlog
c:\programming\auvsi2018\auvsi2018\x64\release\auvsi2018.tlog\link.write.1.tlog
c:\programming\auvsi2018\auvsi2018\x64\release\auvsi2018.tlog\rc.command.1.tlog
c:\programming\auvsi2018\auvsi2018\x64\release\auvsi2018.tlog\rc.read.1.tlog
c:\programming\auvsi2018\auvsi2018\x64\release\auvsi2018.tlog\rc.write.1.tlog
